<?xml version="1.0" encoding="UTF-8"?>
<!-- Generated by org.testng.reporters.JUnitReportReporter -->
<testsuite skipped="0" hostname="LAPTOP-35B7MCU5" name="com.qa.democart.test.AccountPageTest" tests="10" failures="0" timestamp="2022-01-09T23:10:57 GMT" time="34.256" errors="0">
  <testcase name="accPageTitleTest" time="0.040" classname="com.qa.democart.test.AccountPageTest"/>
  <system-out/>
  <testcase name="accPageHeaderTest" time="1.109" classname="com.qa.democart.test.AccountPageTest"/>
  <system-out/>
  <testcase name="accSectionsTest" time="0.183" classname="com.qa.democart.test.AccountPageTest"/>
  <system-out/>
  <testcase name="logoutLinkExistTest" time="1.219" classname="com.qa.democart.test.AccountPageTest"/>
  <system-out/>
  <testcase name="searchTest" time="4.120" classname="com.qa.democart.test.AccountPageTest"/>
  <system-out/>
  <testcase name="searchTest" time="4.670" classname="com.qa.democart.test.AccountPageTest"/>
  <system-out/>
  <testcase name="searchTest" time="4.926" classname="com.qa.democart.test.AccountPageTest"/>
  <system-out/>
  <testcase name="selectProductTest" time="7.121" classname="com.qa.democart.test.AccountPageTest"/>
  <system-out/>
  <testcase name="selectProductTest" time="5.442" classname="com.qa.democart.test.AccountPageTest"/>
  <system-out/>
  <testcase name="selectProductTest" time="5.426" classname="com.qa.democart.test.AccountPageTest"/>
  <system-out/>
</testsuite> <!-- com.qa.democart.test.AccountPageTest -->
