<?xml version="1.0" encoding="UTF-8"?>
<!-- Generated by org.testng.reporters.JUnitReportReporter -->
<testsuite skipped="0" hostname="LAPTOP-35B7MCU5" name="com.qa.democart.test.LoginPageTest" tests="4" failures="0" timestamp="2022-01-09T23:10:57 GMT" time="9.545" errors="0">
  <testcase name="loginPageTitleTest" time="0.226" classname="com.qa.democart.test.LoginPageTest"/>
  <system-out/>
  <testcase name="loginPageHeaderTest" time="1.337" classname="com.qa.democart.test.LoginPageTest"/>
  <system-out/>
  <testcase name="forgotPwdTest" time="1.381" classname="com.qa.democart.test.LoginPageTest"/>
  <system-out/>
  <testcase name="loginTest" time="6.601" classname="com.qa.democart.test.LoginPageTest"/>
  <system-out/>
</testsuite> <!-- com.qa.democart.test.LoginPageTest -->
