<?xml version="1.0" encoding="UTF-8"?>
<!-- Generated by org.testng.reporters.JUnitReportReporter -->
<testsuite skipped="0" hostname="LAPTOP-35B7MCU5" name="com.qa.democart.test.AccountPageTest" tests="10" failures="0" timestamp="10 Jan 2022 01:58:32 GMT" time="31.497" errors="0">
  <testcase name="accPageTitleTest" time="0.032" classname="com.qa.democart.test.AccountPageTest"/>
  <testcase name="accPageHeaderTest" time="0.968" classname="com.qa.democart.test.AccountPageTest"/>
  <testcase name="accSectionsTest" time="0.126" classname="com.qa.democart.test.AccountPageTest"/>
  <testcase name="logoutLinkExistTest" time="0.983" classname="com.qa.democart.test.AccountPageTest"/>
  <testcase name="searchTest" time="3.748" classname="com.qa.democart.test.AccountPageTest"/>
  <testcase name="searchTest" time="3.899" classname="com.qa.democart.test.AccountPageTest"/>
  <testcase name="searchTest" time="4.378" classname="com.qa.democart.test.AccountPageTest"/>
  <testcase name="selectProductTest" time="6.638" classname="com.qa.democart.test.AccountPageTest"/>
  <testcase name="selectProductTest" time="5.198" classname="com.qa.democart.test.AccountPageTest"/>
  <testcase name="selectProductTest" time="5.527" classname="com.qa.democart.test.AccountPageTest"/>
</testsuite> <!-- com.qa.democart.test.AccountPageTest -->
