<?xml version="1.0" encoding="UTF-8"?>
<!-- Generated by org.testng.reporters.JUnitReportReporter -->
<testsuite skipped="0" hostname="LAPTOP-35B7MCU5" name="com.qa.democart.test.LoginPageTest" tests="4" failures="0" timestamp="10 Jan 2022 01:58:32 GMT" time="7.781" errors="0">
  <testcase name="loginPageTitleTest" time="0.201" classname="com.qa.democart.test.LoginPageTest"/>
  <testcase name="loginPageHeaderTest" time="1.077" classname="com.qa.democart.test.LoginPageTest"/>
  <testcase name="forgotPwdTest" time="1.032" classname="com.qa.democart.test.LoginPageTest"/>
  <testcase name="loginTest" time="5.471" classname="com.qa.democart.test.LoginPageTest"/>
</testsuite> <!-- com.qa.democart.test.LoginPageTest -->
